[ 2013-10-31T12:30:18+08:00 ] ERR: (ThinkException) 非法操作adminType
[ 2013-10-31T14:06:17+08:00 ] ERR: (ThinkException) 非法操作adminType
[ 2013-10-31T15:53:42+08:00 ] ERR: (ThinkException) 非法操作editType
[ 2013-10-31T15:53:45+08:00 ] ERR: (ThinkException) 非法操作editType
[ 2013-10-31T15:53:47+08:00 ] ERR: (ThinkException) 非法操作deleteType
[ 2013-10-31T15:53:54+08:00 ] ERR: (ThinkException) 非法操作addType
[ 2013-10-31T16:21:11+08:00 ] ERR: (ThinkException) 模板不存在[./index/Tpl/default/News/index.html]
[ 2013-10-31T16:25:26+08:00 ] ERR: (ThinkException) 非法操作adminIndex
[ 2013-10-31T18:13:27+08:00 ] ERR: (ThinkException) 模板不存在[./index/Tpl/default/Index/left_.html]
[ 2013-10-31T20:59:55+08:00 ] ERR: (ThinkException) 非法操作changephoto
[ 2013-10-31T21:57:35+08:00 ] ERR: (ThinkException) 模板不存在[./index/Tpl/default/Index/bottom.html]
[ 2013-10-31T21:57:40+08:00 ] ERR: (ThinkException) 模板不存在[./index/Tpl/default/Information/outputstream.html]
[ 2013-10-31T21:57:41+08:00 ] ERR: (ThinkException) 无法加载模块Function
[ 2013-10-31T22:03:18+08:00 ] ERR: (ThinkException) 模板不存在[./index/Tpl/default/Index/bottom.html]
[ 2013-10-31T22:03:30+08:00 ] ERR: (ThinkException) 模板不存在[./index/Tpl/default/Index/bottom.html]
[ 2013-10-31T22:03:59+08:00 ] ERR: (ThinkException) 模板不存在[./index/Tpl/default/Index/bottom.html]
[ 2013-10-31T22:04:12+08:00 ] ERR: (ThinkException) 模板不存在[./index/Tpl/default/Index/bottom.html]
[ 2013-10-31T22:04:33+08:00 ] ERR: (ThinkException) 模板不存在[./index/Tpl/default/Index/bottom.html]
[ 2013-10-31T22:04:46+08:00 ] ERR: (ThinkException) 模板不存在[./index/Tpl/default/Index/bottom.html]
[ 2013-10-31T22:05:17+08:00 ] ERR: (ThinkException) 模板不存在[./index/Tpl/default/Index/bottom.html]
[ 2013-10-31T22:09:51+08:00 ] ERR: (ThinkException) 模板不存在[./index/Tpl/default/Index/bottom.html]
[ 2013-10-31T22:13:55+08:00 ] ERR: (ThinkException) 模板不存在[./index/Tpl/default/Index/bottom.html]
[ 2013-10-31T22:15:03+08:00 ] ERR: (ThinkException) 模板不存在[./index/Tpl/default/Index/bottom.html]
[ 2013-10-31T22:16:39+08:00 ] ERR: (ThinkException) 模板不存在[./index/Tpl/default/Index/bottom.html]
[ 2013-10-31T22:16:48+08:00 ] ERR: (ThinkException) 模板不存在[./index/Tpl/default/Index/bottom.html]
[ 2013-10-31T22:17:20+08:00 ] ERR: (ThinkException) 模板不存在[./index/Tpl/default/Index/bottom.html]
[ 2013-10-31T22:23:10+08:00 ] ERR: (ThinkException) 模板不存在[./index/Tpl/default/Index/bottom.html]
[ 2013-10-31T22:23:13+08:00 ] ERR: (ThinkException) 无法加载模块Student
[ 2013-10-31T22:23:45+08:00 ] ERR: (ThinkException) 无法加载模块Student
[ 2013-10-31T22:23:59+08:00 ] ERR: (ThinkException) 无法加载模块Account
[ 2013-10-31T22:25:10+08:00 ] ERR: (ThinkException) 模板不存在[./index/Tpl/default/Index/bottom.html]
[ 2013-10-31T22:26:41+08:00 ] ERR: (ThinkException) 模板不存在[./index/Tpl/default/Index/bottom.html]
[ 2013-10-31T22:26:48+08:00 ] ERR: (ThinkException) 无法加载模块Information
[ 2013-10-31T22:32:46+08:00 ] ERR: (ThinkException) 模板不存在[./index/Tpl/default/Index/bottom.html]
[ 2013-10-31T22:47:46+08:00 ] ERR: (ThinkException) 模板不存在[./index/Tpl/default/Index/bottom.html]
[ 2013-10-31T23:00:47+08:00 ] ERR: (ThinkException) 模板不存在[./index/Tpl/default/Index/bottom.html]
[ 2013-10-31T23:03:05+08:00 ] ERR: (ThinkException) 模板不存在[./index/Tpl/default/Index/bottom.html]
[ 2013-10-31T23:04:27+08:00 ] ERR: (ThinkException) 模板不存在[./index/Tpl/default/Index/bottom.html]
[ 2013-10-31T23:04:37+08:00 ] ERR: (ThinkException) 模板不存在[./index/Tpl/default/Index/bottom.html]
[ 2013-10-31T23:04:44+08:00 ] ERR: (ThinkException) 模板不存在[./index/Tpl/default/Index/bottom.html]
