[ 2013-10-14T14:01:37+08:00 ] ERR: (ThinkException) 非法操作style
[ 2013-10-14T14:01:37+08:00 ] ERR: (ThinkException) 非法操作js
[ 2013-10-14T14:02:23+08:00 ] ERR: (ThinkException) 非法操作style
[ 2013-10-14T14:02:23+08:00 ] ERR: (ThinkException) 非法操作js
[ 2013-10-14T14:03:10+08:00 ] ERR: (ThinkException) 非法操作js
[ 2013-10-14T14:09:48+08:00 ] ERR: (ThinkException) 非法操作js
[ 2013-10-14T14:10:25+08:00 ] ERR: (ThinkException) 非法操作js
[ 2013-10-14T14:12:11+08:00 ] ERR: (ThinkException) 非法操作js
[ 2013-10-14T14:13:46+08:00 ] ERR: (ThinkException) 非法操作js
[ 2013-10-14T14:15:39+08:00 ] ERR: (ThinkException) 非法操作js
[ 2013-10-14T14:16:31+08:00 ] ERR: (ThinkException) 非法操作js
[ 2013-10-14T14:18:17+08:00 ] ERR: (ThinkException) 非法操作js
[ 2013-10-14T14:18:45+08:00 ] ERR: (ThinkException) 非法操作js
[ 2013-10-14T14:19:32+08:00 ] ERR: (ThinkException) 非法操作js
[ 2013-10-14T14:21:07+08:00 ] ERR: (ThinkException) 非法操作js
[ 2013-10-14T14:21:49+08:00 ] ERR: (ThinkException) 非法操作js
[ 2013-10-14T14:22:53+08:00 ] ERR: (ThinkException) 非法操作js
[ 2013-10-14T14:23:57+08:00 ] ERR: (ThinkException) 非法操作js
[ 2013-10-14T19:41:01+08:00 ] ERR: (ThinkException) 模板不存在[./index/Tpl/default/Index/left_.html]
[ 2013-10-14T22:23:42+08:00 ] ERR: (ThinkException) 无法加载模块login
[ 2013-10-14T23:47:34+08:00 ] ERR: (ThinkException) 非法操作changephoto
